==========================================================
TIME: 2025-04-16 19:36:43
TO: test.customer@example.com
FROM: AgriMarket <noreply@agrimarket.com>
SUBJECT: Testing
----------------------------------------------------------

            
            
                
                    body { font-family: Arial, sans-serif; line-height: 1.6; color: #333; }
                    .container { max-width: 600px; margin: 0 auto; padding: 20px; }
                    .header { background-color: #4CAF50; color: white; padding: 10px; text-align: center; }
                    .content { margin: 20px 0; }
                    .footer { margin-top: 30px; font-size: 12px; color: #777; text-align: center; }
                    .button { display: inline-block; background-color: #4CAF50; color: white; padding: 10px 20px; text-decoration: none; border-radius: 4px; }
                
            
            
                
                    
                        AgriMarket
                    
                    
                    Dear Test Customer,
                    
                    
                        Meat got promotion
                    
                    
                    Browse Products
                    
                    
                        If you'd like to unsubscribe from promotional emails, please visit your account settings.
                        &copy; 2025 AgriMarket. All rights reserved.
                    
                
            
            
            

==========================================================
TIME: 2025-04-16 19:38:31
TO: test.customer@example.com
FROM: AgriMarket <noreply@agrimarket.com>
SUBJECT: Testing
----------------------------------------------------------

            
            
                
                    body { font-family: Arial, sans-serif; line-height: 1.6; color: #333; }
                    .container { max-width: 600px; margin: 0 auto; padding: 20px; }
                    .header { background-color: #4CAF50; color: white; padding: 10px; text-align: center; }
                    .content { margin: 20px 0; }
                    .footer { margin-top: 30px; font-size: 12px; color: #777; text-align: center; }
                    .button { display: inline-block; background-color: #4CAF50; color: white; padding: 10px 20px; text-decoration: none; border-radius: 4px; }
                
            
            
                
                    
                        AgriMarket
                    
                    
                    Dear Test Customer,
                    
                    
                        Meat got promotion
                    
                    
                    Browse Products
                    
                    
                        If you'd like to unsubscribe from promotional emails, please visit your account settings.
                        &copy; 2025 AgriMarket. All rights reserved.
                    
                
            
            
            

==========================================================
TIME: 2025-04-16 19:38:31
TO: test.vendor@example.com
FROM: AgriMarket <noreply@agrimarket.com>
SUBJECT: Testing
----------------------------------------------------------

            
            
                
                    body { font-family: Arial, sans-serif; line-height: 1.6; color: #333; }
                    .container { max-width: 600px; margin: 0 auto; padding: 20px; }
                    .header { background-color: #4CAF50; color: white; padding: 10px; text-align: center; }
                    .content { margin: 20px 0; }
                    .footer { margin-top: 30px; font-size: 12px; color: #777; text-align: center; }
                    .button { display: inline-block; background-color: #4CAF50; color: white; padding: 10px 20px; text-decoration: none; border-radius: 4px; }
                
            
            
                
                    
                        AgriMarket
                    
                    
                    Dear Test Vendor,
                    
                    
                        Meat got promotion
                    
                    
                    Browse Products
                    
                    
                        If you'd like to unsubscribe from promotional emails, please visit your account settings.
                        &copy; 2025 AgriMarket. All rights reserved.
                    
                
            
            
            

==========================================================
TIME: 2025-04-16 19:38:46
TO: test.customer@example.com
FROM: AgriMarket <noreply@agrimarket.com>
SUBJECT: Testing
----------------------------------------------------------

            
            
                
                    body { font-family: Arial, sans-serif; line-height: 1.6; color: #333; }
                    .container { max-width: 600px; margin: 0 auto; padding: 20px; }
                    .header { background-color: #4CAF50; color: white; padding: 10px; text-align: center; }
                    .content { margin: 20px 0; }
                    .footer { margin-top: 30px; font-size: 12px; color: #777; text-align: center; }
                    .button { display: inline-block; background-color: #4CAF50; color: white; padding: 10px 20px; text-decoration: none; border-radius: 4px; }
                
            
            
                
                    
                        AgriMarket
                    
                    
                    Dear Test Customer,
                    
                    
                        Meat got promotion
                    
                    
                    Browse Products
                    
                    
                        If you'd like to unsubscribe from promotional emails, please visit your account settings.
                        &copy; 2025 AgriMarket. All rights reserved.
                    
                
            
            
            

==========================================================
TIME: 2025-04-16 19:38:46
TO: test.vendor@example.com
FROM: AgriMarket <noreply@agrimarket.com>
SUBJECT: Testing
----------------------------------------------------------

            
            
                
                    body { font-family: Arial, sans-serif; line-height: 1.6; color: #333; }
                    .container { max-width: 600px; margin: 0 auto; padding: 20px; }
                    .header { background-color: #4CAF50; color: white; padding: 10px; text-align: center; }
                    .content { margin: 20px 0; }
                    .footer { margin-top: 30px; font-size: 12px; color: #777; text-align: center; }
                    .button { display: inline-block; background-color: #4CAF50; color: white; padding: 10px 20px; text-decoration: none; border-radius: 4px; }
                
            
            
                
                    
                        AgriMarket
                    
                    
                    Dear Test Vendor,
                    
                    
                        Meat got promotion
                    
                    
                    Browse Products
                    
                    
                        If you'd like to unsubscribe from promotional emails, please visit your account settings.
                        &copy; 2025 AgriMarket. All rights reserved.
                    
                
            
            
            

2025-04-16 21:35:18 | To: victorhogwarts2020@gmail.com | Subject: AgriMarket Test Email - 2025-04-16 21:35:18 | File: email_2025-04-16_21-35-18_680006766e1f7.html
